INFO pool-1-thread-1 edu.read.server.broadcast.LogUtil - BroadcastServer registering /77.70.11.102
INFO pool-1-thread-1 edu.read.server.broadcast.LogUtil - BroadcastServer registering /77.70.11.102
INFO pool-1-thread-1 edu.read.server.broadcast.LogUtil - MessageSender sending message {"id":"Компютър Мартин-PC","message":"D"}

INFO pool-1-thread-1 edu.read.server.broadcast.LogUtil - MessageSender sending message {"id":"Компютър Мартин-PC","message":"D"}

INFO pool-1-thread-1 edu.read.server.broadcast.LogUtil - BroadcastServer registering /77.70.11.102
INFO pool-1-thread-2 edu.read.server.broadcast.LogUtil - MessageSender sending message {"id":"Компютър Мартин-PC","message":"C"}

INFO pool-1-thread-2 edu.read.server.broadcast.LogUtil - BroadcastServer registering /78.90.43.45
INFO pool-1-thread-2 edu.read.server.broadcast.LogUtil - BroadcastServer unregistering /78.90.43.45
INFO pool-1-thread-5 edu.read.server.broadcast.LogUtil - BroadcastServer registering /77.70.11.102
INFO pool-1-thread-5 edu.read.server.broadcast.LogUtil - MessageSender sending message {"id":"Компютър Мартин-PC","message":"C"}

INFO pool-1-thread-5 edu.read.server.broadcast.LogUtil - MessageSender sending message {"id":"Компютър Мартин-PC","message":"D"}

INFO pool-1-thread-5 edu.read.server.broadcast.LogUtil - MessageSender sending message {"id":"Компютър Мартин-PC","message":"D"}

INFO pool-1-thread-5 edu.read.server.broadcast.LogUtil - MessageSender sending message {"id":"Компютър Мартин-PC","message":"D"}

INFO pool-1-thread-5 edu.read.server.broadcast.LogUtil - MessageSender sending message {"id":"Компютър Мартин-PC","message":"A"}

INFO pool-1-thread-5 edu.read.server.broadcast.LogUtil - BroadcastServer registering /78.90.43.45
INFO pool-1-thread-5 edu.read.server.broadcast.LogUtil - BroadcastServer unregistering /78.90.43.45
INFO pool-1-thread-8 edu.read.server.broadcast.LogUtil - BroadcastServer registering /77.70.11.102
INFO pool-1-thread-8 edu.read.server.broadcast.LogUtil - MessageSender sending message {"id":"Компютър Мартин-PC","message":"C"}

INFO pool-1-thread-8 edu.read.server.broadcast.LogUtil - MessageSender sending message {"id":"Компютър Мартин-PC","message":"D"}

INFO pool-1-thread-1 edu.read.server.broadcast.LogUtil - BroadcastServer registering /77.70.11.102
INFO pool-1-thread-1 edu.read.server.broadcast.LogUtil - MessageSender sending message {"id":"Компютър Мартин-PC","message":"C"}

INFO pool-1-thread-2 edu.read.server.broadcast.LogUtil - BroadcastServer registering /77.70.11.102
INFO pool-1-thread-2 edu.read.server.broadcast.LogUtil - MessageSender sending message {"id":"Компютър Мартин-PC","message":"C"}

INFO pool-1-thread-2 edu.read.server.broadcast.LogUtil - MessageSender sending message {"id":"Компютър Мартин-PC","message":"D"}

INFO pool-1-thread-3 edu.read.server.broadcast.LogUtil - BroadcastServer registering /78.128.22.227
INFO pool-1-thread-3 edu.read.server.broadcast.LogUtil - MessageSender sending message {"id":"Компютър Мартин-PC","message":"B"}

INFO pool-1-thread-3 edu.read.server.broadcast.LogUtil - MessageSender sending message {"id":"Компютър Мартин-PC","message":"B"}

INFO pool-1-thread-3 edu.read.server.broadcast.LogUtil - MessageSender sending message {"id":"Компютър Мартин-PC","message":"A"}

INFO pool-1-thread-3 edu.read.server.broadcast.LogUtil - MessageSender sending message {"id":"Компютър Мартин-PC","message":"A"}

INFO pool-1-thread-3 edu.read.server.broadcast.LogUtil - MessageSender sending message {"id":"Компютър Мартин-PC","message":"B"}

INFO pool-1-thread-3 edu.read.server.broadcast.LogUtil - MessageSender sending message {"id":"Компютър Мартин-PC","message":"B"}

INFO pool-1-thread-3 edu.read.server.broadcast.LogUtil - MessageSender sending message {"id":"Компютър Мартин-PC","message":"C"}

INFO pool-1-thread-3 edu.read.server.broadcast.LogUtil - MessageSender sending message {"id":"Компютър Мартин-PC","message":"C"}

INFO pool-1-thread-3 edu.read.server.broadcast.LogUtil - MessageSender sending message {"id":"Компютър Мартин-PC","message":"A"}

INFO pool-1-thread-3 edu.read.server.broadcast.LogUtil - MessageSender sending message {"id":"Компютър Мартин-PC","message":"A"}

INFO pool-1-thread-3 edu.read.server.broadcast.LogUtil - MessageSender sending message {"id":"Компютър Мартин-PC","message":"D"}

INFO pool-1-thread-3 edu.read.server.broadcast.LogUtil - MessageSender sending message {"id":"Компютър Мартин-PC","message":"D"}

INFO pool-1-thread-3 edu.read.server.broadcast.LogUtil - MessageSender sending message {"id":"Компютър Мартин-PC","message":"D"}

INFO pool-1-thread-3 edu.read.server.broadcast.LogUtil - MessageSender sending message {"id":"Компютър Мартин-PC","message":"D"}

INFO pool-1-thread-3 edu.read.server.broadcast.LogUtil - MessageSender sending message {"id":"Компютър Мартин-PC","message":"C"}

INFO pool-1-thread-3 edu.read.server.broadcast.LogUtil - MessageSender sending message {"id":"Компютър Мартин-PC","message":"C"}

INFO pool-1-thread-3 edu.read.server.broadcast.LogUtil - MessageSender sending message {"id":"Компютър Мартин-PC","message":"D"}

INFO pool-1-thread-3 edu.read.server.broadcast.LogUtil - MessageSender sending message {"id":"Компютър Мартин-PC","message":"D"}

INFO pool-1-thread-3 edu.read.server.broadcast.LogUtil - MessageSender sending message {"id":"Компютър Мартин-PC","message":"D"}

INFO pool-1-thread-3 edu.read.server.broadcast.LogUtil - MessageSender sending message {"id":"Компютър Мартин-PC","message":"D"}

INFO pool-1-thread-3 edu.read.server.broadcast.LogUtil - MessageSender sending message {"id":"Компютър Мартин-PC","message":"D"}

INFO pool-1-thread-3 edu.read.server.broadcast.LogUtil - MessageSender sending message {"id":"Компютър Мартин-PC","message":"D"}

INFO pool-1-thread-3 edu.read.server.broadcast.LogUtil - MessageSender sending message {"id":"Компютър Мартин-PC","message":"C"}

INFO pool-1-thread-3 edu.read.server.broadcast.LogUtil - MessageSender sending message {"id":"Компютър Мартин-PC","message":"C"}

INFO pool-1-thread-4 edu.read.server.broadcast.LogUtil - MessageSender sending message {"id":"Компютър Мартин-PC","message":"D"}

INFO pool-1-thread-4 edu.read.server.broadcast.LogUtil - MessageSender sending message {"id":"Компютър Мартин-PC","message":"D"}

INFO pool-1-thread-4 edu.read.server.broadcast.LogUtil - MessageSender sending message {"id":"Компютър Мартин-PC","message":"D"}

INFO pool-1-thread-4 edu.read.server.broadcast.LogUtil - MessageSender sending message {"id":"Компютър Мартин-PC","message":"D"}

INFO pool-1-thread-4 edu.read.server.broadcast.LogUtil - MessageSender sending message {"id":"Компютър Мартин-PC","message":"D"}

INFO pool-1-thread-4 edu.read.server.broadcast.LogUtil - MessageSender sending message {"id":"Компютър Мартин-PC","message":"D"}

INFO pool-1-thread-4 edu.read.server.broadcast.LogUtil - MessageSender sending message {"id":"Компютър Мартин-PC","message":"D"}

INFO pool-1-thread-4 edu.read.server.broadcast.LogUtil - MessageSender sending message {"id":"Компютър Мартин-PC","message":"D"}

INFO pool-1-thread-4 edu.read.server.broadcast.LogUtil - MessageSender sending message {"id":"Компютър Мартин-PC","message":"C"}

INFO pool-1-thread-4 edu.read.server.broadcast.LogUtil - MessageSender sending message {"id":"Компютър Мартин-PC","message":"C"}

INFO pool-1-thread-5 edu.read.server.broadcast.LogUtil - MessageSender sending message {"id":"Компютър Мартин-PC","message":"A"}

INFO pool-1-thread-5 edu.read.server.broadcast.LogUtil - MessageSender sending message {"id":"Компютър Мартин-PC","message":"A"}

INFO pool-1-thread-6 edu.read.server.broadcast.LogUtil - BroadcastServer registering /77.70.11.102
INFO pool-1-thread-1 edu.read.server.broadcast.LogUtil - BroadcastServer registering /77.70.11.102
INFO pool-1-thread-1 edu.read.server.broadcast.LogUtil - MessageSender sending message {"id":"Компютър Мартин-PC","message":"C"}

INFO pool-1-thread-1 edu.read.server.broadcast.LogUtil - MessageSender sending message {"id":"Компютър Мартин-PC","message":"D"}

INFO pool-1-thread-1 edu.read.server.broadcast.LogUtil - MessageSender sending message {"id":"Компютър Мартин-PC","message":"C"}

INFO pool-1-thread-1 edu.read.server.broadcast.LogUtil - MessageSender sending message {"id":"Компютър Мартин-PC","message":"A"}

INFO pool-1-thread-1 edu.read.server.broadcast.LogUtil - MessageSender sending message {"id":"Компютър Мартин-PC","message":"A"}

INFO pool-1-thread-1 edu.read.server.broadcast.LogUtil - MessageSender sending message {"id":"Компютър Мартин-PC","message":"C"}

INFO pool-1-thread-1 edu.read.server.broadcast.LogUtil - MessageSender sending message {"id":"Компютър Мартин-PC","message":"B"}

INFO pool-1-thread-1 edu.read.server.broadcast.LogUtil - BroadcastServer registering /77.70.11.102
INFO pool-1-thread-1 edu.read.server.broadcast.LogUtil - MessageSender sending message {"id":"Компютър Мартин-PC","message":"C"}

INFO pool-1-thread-1 edu.read.server.broadcast.LogUtil - MessageSender sending message {"id":"Компютър Мартин-PC","message":"D"}

INFO pool-1-thread-1 edu.read.server.broadcast.LogUtil - MessageSender sending message {"id":"Компютър Мартин-PC","message":"D"}

INFO pool-1-thread-1 edu.read.server.broadcast.LogUtil - MessageSender sending message {"id":"Компютър Мартин-PC","message":"D"}

INFO pool-1-thread-1 edu.read.server.broadcast.LogUtil - MessageSender sending message {"id":"Компютър Мартин-PC","message":"D"}

INFO pool-1-thread-1 edu.read.server.broadcast.LogUtil - MessageSender sending message {"id":"Компютър Мартин-PC","message":"D"}

INFO pool-1-thread-1 edu.read.server.broadcast.LogUtil - MessageSender sending message {"id":"Компютър Мартин-PC","message":"D"}

INFO pool-1-thread-1 edu.read.server.broadcast.LogUtil - MessageSender sending message {"id":"Компютър Мартин-PC","message":"C"}

INFO pool-1-thread-1 edu.read.server.broadcast.LogUtil - MessageSender sending message {"id":"Компютър Мартин-PC","message":"C"}

INFO pool-1-thread-1 edu.read.server.broadcast.LogUtil - MessageSender sending message {"id":"Компютър Мартин-PC","message":"C"}

INFO pool-1-thread-1 edu.read.server.broadcast.LogUtil - MessageSender sending message {"id":"Компютър Мартин-PC","message":"C"}

INFO pool-1-thread-1 edu.read.server.broadcast.LogUtil - MessageSender sending message {"id":"Компютър Мартин-PC","message":"C"}

INFO pool-1-thread-1 edu.read.server.broadcast.LogUtil - MessageSender sending message {"id":"Компютър Мартин-PC","message":"C"}

INFO pool-1-thread-1 edu.read.server.broadcast.LogUtil - MessageSender sending message {"id":"Компютър Мартин-PC","message":"B"}

INFO pool-1-thread-1 edu.read.server.broadcast.LogUtil - MessageSender sending message {"id":"Компютър Мартин-PC","message":"C"}

INFO pool-1-thread-1 edu.read.server.broadcast.LogUtil - MessageSender sending message {"id":"Компютър Мартин-PC","message":"C"}

INFO pool-1-thread-1 edu.read.server.broadcast.LogUtil - MessageSender sending message {"id":"Компютър Мартин-PC","message":"C"}

INFO pool-1-thread-1 edu.read.server.broadcast.LogUtil - MessageSender sending message {"id":"Компютър Мартин-PC","message":"C"}

INFO pool-1-thread-1 edu.read.server.broadcast.LogUtil - MessageSender sending message {"id":"Компютър Мартин-PC","message":"C"}

INFO pool-1-thread-1 edu.read.server.broadcast.LogUtil - MessageSender sending message {"id":"Компютър Мартин-PC","message":"C"}

INFO pool-1-thread-1 edu.read.server.broadcast.LogUtil - MessageSender sending message {"id":"Компютър Мартин-PC","message":"C"}

INFO pool-1-thread-1 edu.read.server.broadcast.LogUtil - MessageSender sending message {"id":"Компютър Мартин-PC","message":"C"}

INFO pool-1-thread-1 edu.read.server.broadcast.LogUtil - MessageSender sending message {"id":"Компютър Мартин-PC","message":"C"}

INFO pool-1-thread-1 edu.read.server.broadcast.LogUtil - MessageSender sending message {"id":"Компютър Мартин-PC","message":"B"}

INFO pool-1-thread-1 edu.read.server.broadcast.LogUtil - MessageSender sending message {"id":"Компютър Мартин-PC","message":"A"}

INFO pool-1-thread-1 edu.read.server.broadcast.LogUtil - MessageSender sending message {"id":"Компютър Мартин-PC","message":"B"}

INFO pool-1-thread-1 edu.read.server.broadcast.LogUtil - MessageSender sending message {"id":"Компютър Мартин-PC","message":"B"}

INFO pool-1-thread-1 edu.read.server.broadcast.LogUtil - MessageSender sending message {"id":"Компютър Мартин-PC","message":"C"}

INFO pool-1-thread-1 edu.read.server.broadcast.LogUtil - MessageSender sending message {"id":"Компютър Мартин-PC","message":"C"}

INFO pool-1-thread-1 edu.read.server.broadcast.LogUtil - MessageSender sending message {"id":"Компютър Мартин-PC","message":"C"}

INFO pool-1-thread-1 edu.read.server.broadcast.LogUtil - MessageSender sending message {"id":"Компютър Мартин-PC","message":"A"}

INFO pool-1-thread-1 edu.read.server.broadcast.LogUtil - MessageSender sending message {"id":"Компютър Мартин-PC","message":"A"}

INFO pool-1-thread-1 edu.read.server.broadcast.LogUtil - MessageSender sending message {"id":"Компютър Мартин-PC","message":"B"}

INFO pool-1-thread-1 edu.read.server.broadcast.LogUtil - MessageSender sending message {"id":"Компютър Мартин-PC","message":"C"}

INFO pool-1-thread-1 edu.read.server.broadcast.LogUtil - MessageSender sending message {"id":"Компютър Мартин-PC","message":"B"}

INFO pool-1-thread-1 edu.read.server.broadcast.LogUtil - BroadcastServer unregistering /77.70.11.102
INFO pool-1-thread-4 edu.read.server.broadcast.LogUtil - BroadcastServer registering /77.70.11.102
INFO pool-1-thread-4 edu.read.server.broadcast.LogUtil - MessageSender sending message {"id":"Компютър Мартин-PC","message":"C"}

INFO pool-1-thread-4 edu.read.server.broadcast.LogUtil - MessageSender sending message {"id":"Компютър Мартин-PC","message":"D"}

INFO pool-1-thread-4 edu.read.server.broadcast.LogUtil - MessageSender sending message {"id":"Компютър Мартин-PC","message":"C"}

INFO pool-1-thread-4 edu.read.server.broadcast.LogUtil - MessageSender sending message {"id":"Компютър Мартин-PC","message":"D"}

INFO pool-1-thread-4 edu.read.server.broadcast.LogUtil - MessageSender sending message {"id":"Компютър Мартин-PC","message":"D"}

INFO pool-1-thread-4 edu.read.server.broadcast.LogUtil - MessageSender sending message {"id":"Компютър Мартин-PC","message":"A"}

INFO pool-1-thread-4 edu.read.server.broadcast.LogUtil - MessageSender sending message {"id":"Компютър Мартин-PC","message":"A"}

INFO pool-1-thread-4 edu.read.server.broadcast.LogUtil - MessageSender sending message {"id":"Компютър Мартин-PC","message":"A"}

INFO pool-1-thread-4 edu.read.server.broadcast.LogUtil - MessageSender sending message {"id":"Компютър Мартин-PC","message":"D"}

INFO pool-1-thread-5 edu.read.server.broadcast.LogUtil - BroadcastServer registering /77.70.11.102
INFO pool-1-thread-5 edu.read.server.broadcast.LogUtil - MessageSender sending message {"id":"Компютър Мартин-PC","message":"C"}

INFO pool-1-thread-5 edu.read.server.broadcast.LogUtil - MessageSender sending message {"id":"Компютър Мартин-PC","message":"D"}

INFO pool-1-thread-1 edu.read.server.broadcast.LogUtil - BroadcastServer registering /77.70.11.102
INFO pool-1-thread-1 edu.read.server.broadcast.LogUtil - MessageSender sending message {"id":"Компютър Мартин-PC","message":"C"}

INFO pool-1-thread-1 edu.read.server.broadcast.LogUtil - MessageSender sending message {"id":"Компютър Мартин-PC","message":"D"}

INFO pool-1-thread-2 edu.read.server.broadcast.LogUtil - BroadcastServer registering /77.70.11.102
INFO pool-1-thread-2 edu.read.server.broadcast.LogUtil - MessageSender sending message {"id":"Компютър Мартин-PC","message":"C"}

INFO pool-1-thread-2 edu.read.server.broadcast.LogUtil - MessageSender sending message {"id":"Компютър Мартин-PC","message":"D"}

INFO pool-1-thread-1 edu.read.server.broadcast.LogUtil - BroadcastServer registering /77.70.11.102
INFO pool-1-thread-1 edu.read.server.broadcast.LogUtil - MessageSender sending message {"id":"Компютър Мартин-PC","message":"D"}

INFO pool-1-thread-1 edu.read.server.broadcast.LogUtil - BroadcastServer registering /77.70.11.102
INFO pool-1-thread-1 edu.read.server.broadcast.LogUtil - MessageSender sending message {"id":"Компютър Мартин-PC","message":"C"}

INFO pool-1-thread-1 edu.read.server.broadcast.LogUtil - MessageSender sending message {"id":"Компютър Мартин-PC","message":"D"}

INFO pool-1-thread-1 edu.read.server.broadcast.LogUtil - MessageSender sending message {"id":"Компютър Мартин-PC","message":"D"}

INFO pool-1-thread-1 edu.read.server.broadcast.LogUtil - MessageSender sending message {"id":"Компютър Мартин-PC","message":"A"}

INFO pool-1-thread-1 edu.read.server.broadcast.LogUtil - MessageSender sending message {"id":"Компютър Мартин-PC","message":"C"}

INFO pool-1-thread-1 edu.read.server.broadcast.LogUtil - BroadcastServer registering /77.70.11.102
INFO pool-1-thread-1 edu.read.server.broadcast.LogUtil - BroadcastServer registering /77.70.11.102
INFO pool-1-thread-1 edu.read.server.broadcast.LogUtil - MessageSender sending message {"id":"Компютър Мартин-PC","message":"D"}

INFO pool-1-thread-1 edu.read.server.broadcast.LogUtil - MessageSender sending message {"id":"Компютър Мартин-PC","message":"C"}

INFO pool-1-thread-1 edu.read.server.broadcast.LogUtil - BroadcastServer registering /77.70.11.102
